<?xml version="1.0" encoding="UTF-8"?>
<!-- Generated by org.testng.reporters.JUnitXMLReporter -->
<testsuite ignored="0" hostname="Lalat_Chintu" failures="0" tests="3" name="Default test" time="28.991" errors="0" timestamp="2024-11-25T13:35:39 IST">
  <testcase classname="com.testng.Testcases.TestCases" name="search" time="9.21"/>
  <testcase classname="com.testng.Testcases.TestCases" name="validateCheckbox" time="2.832"/>
  <testcase classname="com.testng.Testcases.TestCases" name="validateValue" time="6.109"/>
</testsuite> <!-- Default test -->
